{"C:\\Users\\Mytth\\Desktop\\Домашка\\JS 2nd module\\Задания по 2му модулю\\ajs-homeworks-master\\ajs-homeworks-master\\oop\\classes\\src\\js\\main.js": {"path":"C:\\Users\\Mytth\\Desktop\\Домашка\\JS 2nd module\\Задания по 2му модулю\\ajs-homeworks-master\\ajs-homeworks-master\\oop\\classes\\src\\js\\main.js","statementMap":{"0":{"start":{"line":1,"column":25},"end":{"line":1,"column":90}},"1":{"start":{"line":5,"column":4},"end":{"line":17,"column":5}},"2":{"start":{"line":9,"column":6},"end":{"line":9,"column":40}},"3":{"start":{"line":11,"column":6},"end":{"line":11,"column":23}},"4":{"start":{"line":12,"column":6},"end":{"line":12,"column":23}},"5":{"start":{"line":13,"column":6},"end":{"line":13,"column":27}},"6":{"start":{"line":14,"column":6},"end":{"line":14,"column":25}},"7":{"start":{"line":15,"column":6},"end":{"line":15,"column":27}},"8":{"start":{"line":16,"column":6},"end":{"line":16,"column":29}},"9":{"start":{"line":23,"column":4},"end":{"line":23,"column":58}},"10":{"start":{"line":28,"column":4},"end":{"line":28,"column":61}},"11":{"start":{"line":33,"column":4},"end":{"line":33,"column":60}},"12":{"start":{"line":38,"column":4},"end":{"line":38,"column":58}},"13":{"start":{"line":43,"column":4},"end":{"line":43,"column":58}},"14":{"start":{"line":48,"column":4},"end":{"line":48,"column":58}},"15":{"start":{"line":52,"column":0},"end":{"line":60,"column":1}}},"fnMap":{"0":{"name":"(anonymous_0)","decl":{"start":{"line":4,"column":2},"end":{"line":4,"column":3}},"loc":{"start":{"line":4,"column":68},"end":{"line":18,"column":3}},"line":4},"1":{"name":"(anonymous_1)","decl":{"start":{"line":22,"column":2},"end":{"line":22,"column":3}},"loc":{"start":{"line":22,"column":62},"end":{"line":24,"column":3}},"line":22},"2":{"name":"(anonymous_2)","decl":{"start":{"line":27,"column":2},"end":{"line":27,"column":3}},"loc":{"start":{"line":27,"column":62},"end":{"line":29,"column":3}},"line":27},"3":{"name":"(anonymous_3)","decl":{"start":{"line":32,"column":2},"end":{"line":32,"column":3}},"loc":{"start":{"line":32,"column":62},"end":{"line":34,"column":3}},"line":32},"4":{"name":"(anonymous_4)","decl":{"start":{"line":37,"column":2},"end":{"line":37,"column":3}},"loc":{"start":{"line":37,"column":62},"end":{"line":39,"column":3}},"line":37},"5":{"name":"(anonymous_5)","decl":{"start":{"line":42,"column":2},"end":{"line":42,"column":3}},"loc":{"start":{"line":42,"column":62},"end":{"line":44,"column":3}},"line":42},"6":{"name":"(anonymous_6)","decl":{"start":{"line":47,"column":2},"end":{"line":47,"column":3}},"loc":{"start":{"line":47,"column":62},"end":{"line":49,"column":3}},"line":47}},"branchMap":{"0":{"loc":{"start":{"line":4,"column":26},"end":{"line":4,"column":38}},"type":"default-arg","locations":[{"start":{"line":4,"column":35},"end":{"line":4,"column":38}}],"line":4},"1":{"loc":{"start":{"line":4,"column":40},"end":{"line":4,"column":49}},"type":"default-arg","locations":[{"start":{"line":4,"column":48},"end":{"line":4,"column":49}}],"line":4},"2":{"loc":{"start":{"line":5,"column":4},"end":{"line":17,"column":5}},"type":"if","locations":[{"start":{"line":5,"column":4},"end":{"line":17,"column":5}},{"start":{"line":10,"column":11},"end":{"line":17,"column":5}}],"line":5},"3":{"loc":{"start":{"line":5,"column":8},"end":{"line":8,"column":27}},"type":"binary-expr","locations":[{"start":{"line":5,"column":8},"end":{"line":5,"column":32}},{"start":{"line":6,"column":11},"end":{"line":6,"column":52}},{"start":{"line":7,"column":11},"end":{"line":7,"column":26}},{"start":{"line":8,"column":11},"end":{"line":8,"column":27}}],"line":5},"4":{"loc":{"start":{"line":22,"column":35},"end":{"line":22,"column":46}},"type":"default-arg","locations":[{"start":{"line":22,"column":44},"end":{"line":22,"column":46}}],"line":22},"5":{"loc":{"start":{"line":22,"column":48},"end":{"line":22,"column":60}},"type":"default-arg","locations":[{"start":{"line":22,"column":58},"end":{"line":22,"column":60}}],"line":22},"6":{"loc":{"start":{"line":27,"column":35},"end":{"line":27,"column":46}},"type":"default-arg","locations":[{"start":{"line":27,"column":44},"end":{"line":27,"column":46}}],"line":27},"7":{"loc":{"start":{"line":27,"column":48},"end":{"line":27,"column":60}},"type":"default-arg","locations":[{"start":{"line":27,"column":58},"end":{"line":27,"column":60}}],"line":27},"8":{"loc":{"start":{"line":32,"column":35},"end":{"line":32,"column":46}},"type":"default-arg","locations":[{"start":{"line":32,"column":44},"end":{"line":32,"column":46}}],"line":32},"9":{"loc":{"start":{"line":32,"column":48},"end":{"line":32,"column":60}},"type":"default-arg","locations":[{"start":{"line":32,"column":58},"end":{"line":32,"column":60}}],"line":32},"10":{"loc":{"start":{"line":37,"column":35},"end":{"line":37,"column":46}},"type":"default-arg","locations":[{"start":{"line":37,"column":44},"end":{"line":37,"column":46}}],"line":37},"11":{"loc":{"start":{"line":37,"column":48},"end":{"line":37,"column":60}},"type":"default-arg","locations":[{"start":{"line":37,"column":58},"end":{"line":37,"column":60}}],"line":37},"12":{"loc":{"start":{"line":42,"column":35},"end":{"line":42,"column":46}},"type":"default-arg","locations":[{"start":{"line":42,"column":44},"end":{"line":42,"column":46}}],"line":42},"13":{"loc":{"start":{"line":42,"column":48},"end":{"line":42,"column":60}},"type":"default-arg","locations":[{"start":{"line":42,"column":58},"end":{"line":42,"column":60}}],"line":42},"14":{"loc":{"start":{"line":47,"column":35},"end":{"line":47,"column":46}},"type":"default-arg","locations":[{"start":{"line":47,"column":44},"end":{"line":47,"column":46}}],"line":47},"15":{"loc":{"start":{"line":47,"column":48},"end":{"line":47,"column":60}},"type":"default-arg","locations":[{"start":{"line":47,"column":58},"end":{"line":47,"column":60}}],"line":47}},"s":{"0":2,"1":13,"2":4,"3":9,"4":9,"5":9,"6":9,"7":9,"8":9,"9":3,"10":1,"11":1,"12":1,"13":1,"14":1,"15":2},"f":{"0":13,"1":3,"2":1,"3":1,"4":1,"5":1,"6":1},"b":{"0":[0],"1":[0],"2":[4,9],"3":[13,12,11,10],"4":[3],"5":[3],"6":[1],"7":[1],"8":[1],"9":[1],"10":[1],"11":[1],"12":[1],"13":[1],"14":[1],"15":[1]},"_coverageSchema":"1a1c01bbd47fc00a2c39e90264f33305004495a9","hash":"2e89c41009f5879536946d21bbb0ac103646dda8"}
}
