{"C:\\Users\\Mytth\\Desktop\\Домашка\\JS 2nd module\\Задания по 2му модулю\\ajs-homeworks-master\\ajs-homeworks-master\\oop\\classes\\src\\js\\main.js": {"path":"C:\\Users\\Mytth\\Desktop\\Домашка\\JS 2nd module\\Задания по 2му модулю\\ajs-homeworks-master\\ajs-homeworks-master\\oop\\classes\\src\\js\\main.js","statementMap":{"0":{"start":{"line":3,"column":29},"end":{"line":3,"column":94}},"1":{"start":{"line":4,"column":4},"end":{"line":17,"column":5}},"2":{"start":{"line":7,"column":6},"end":{"line":7,"column":81}},"3":{"start":{"line":8,"column":11},"end":{"line":17,"column":5}},"4":{"start":{"line":9,"column":6},"end":{"line":9,"column":52}},"5":{"start":{"line":11,"column":6},"end":{"line":11,"column":23}},"6":{"start":{"line":12,"column":6},"end":{"line":12,"column":23}},"7":{"start":{"line":13,"column":6},"end":{"line":13,"column":24}},"8":{"start":{"line":14,"column":6},"end":{"line":14,"column":21}},"9":{"start":{"line":15,"column":6},"end":{"line":15,"column":30}},"10":{"start":{"line":16,"column":6},"end":{"line":16,"column":31}}},"fnMap":{"0":{"name":"(anonymous_0)","decl":{"start":{"line":2,"column":2},"end":{"line":2,"column":3}},"loc":{"start":{"line":2,"column":26},"end":{"line":18,"column":3}},"line":2}},"branchMap":{"0":{"loc":{"start":{"line":4,"column":4},"end":{"line":17,"column":5}},"type":"if","locations":[{"start":{"line":4,"column":4},"end":{"line":17,"column":5}},{"start":{"line":8,"column":11},"end":{"line":17,"column":5}}],"line":4},"1":{"loc":{"start":{"line":4,"column":8},"end":{"line":6,"column":27}},"type":"binary-expr","locations":[{"start":{"line":4,"column":8},"end":{"line":4,"column":32}},{"start":{"line":5,"column":11},"end":{"line":5,"column":26}},{"start":{"line":6,"column":11},"end":{"line":6,"column":27}}],"line":4},"2":{"loc":{"start":{"line":8,"column":11},"end":{"line":17,"column":5}},"type":"if","locations":[{"start":{"line":8,"column":11},"end":{"line":17,"column":5}},{"start":{"line":10,"column":11},"end":{"line":17,"column":5}}],"line":8}},"s":{"0":11,"1":11,"2":3,"3":8,"4":1,"5":7,"6":7,"7":7,"8":7,"9":7,"10":7},"f":{"0":11},"b":{"0":[3,8],"1":[11,10,9],"2":[1,7]},"_coverageSchema":"1a1c01bbd47fc00a2c39e90264f33305004495a9","hash":"7c90f7d8b20528b8618a9d87d32b36adc91a958a"}
,"C:\\Users\\Mytth\\Desktop\\Домашка\\JS 2nd module\\Задания по 2му модулю\\ajs-homeworks-master\\ajs-homeworks-master\\oop\\classes\\src\\js\\class\\Bowman.js": {"path":"C:\\Users\\Mytth\\Desktop\\Домашка\\JS 2nd module\\Задания по 2му модулю\\ajs-homeworks-master\\ajs-homeworks-master\\oop\\classes\\src\\js\\class\\Bowman.js","statementMap":{"0":{"start":{"line":5,"column":4},"end":{"line":5,"column":22}},"1":{"start":{"line":6,"column":4},"end":{"line":6,"column":21}},"2":{"start":{"line":7,"column":4},"end":{"line":7,"column":22}}},"fnMap":{"0":{"name":"(anonymous_0)","decl":{"start":{"line":4,"column":2},"end":{"line":4,"column":3}},"loc":{"start":{"line":4,"column":37},"end":{"line":8,"column":3}},"line":4}},"branchMap":{"0":{"loc":{"start":{"line":4,"column":20},"end":{"line":4,"column":35}},"type":"default-arg","locations":[{"start":{"line":4,"column":27},"end":{"line":4,"column":35}}],"line":4}},"s":{"0":1,"1":1,"2":1},"f":{"0":1},"b":{"0":[1]},"_coverageSchema":"1a1c01bbd47fc00a2c39e90264f33305004495a9","hash":"e62a2d5a435b25b9c5e100597b4aab9058573c5b"}
,"C:\\Users\\Mytth\\Desktop\\Домашка\\JS 2nd module\\Задания по 2му модулю\\ajs-homeworks-master\\ajs-homeworks-master\\oop\\classes\\src\\js\\class\\Daemon.js": {"path":"C:\\Users\\Mytth\\Desktop\\Домашка\\JS 2nd module\\Задания по 2му модулю\\ajs-homeworks-master\\ajs-homeworks-master\\oop\\classes\\src\\js\\class\\Daemon.js","statementMap":{"0":{"start":{"line":5,"column":4},"end":{"line":5,"column":22}},"1":{"start":{"line":6,"column":4},"end":{"line":6,"column":21}},"2":{"start":{"line":7,"column":4},"end":{"line":7,"column":22}}},"fnMap":{"0":{"name":"(anonymous_0)","decl":{"start":{"line":4,"column":2},"end":{"line":4,"column":3}},"loc":{"start":{"line":4,"column":37},"end":{"line":8,"column":3}},"line":4}},"branchMap":{"0":{"loc":{"start":{"line":4,"column":20},"end":{"line":4,"column":35}},"type":"default-arg","locations":[{"start":{"line":4,"column":27},"end":{"line":4,"column":35}}],"line":4}},"s":{"0":1,"1":1,"2":1},"f":{"0":1},"b":{"0":[1]},"_coverageSchema":"1a1c01bbd47fc00a2c39e90264f33305004495a9","hash":"9f674c34a4882c0e9051d16177ba66a4ce5c6d01"}
,"C:\\Users\\Mytth\\Desktop\\Домашка\\JS 2nd module\\Задания по 2му модулю\\ajs-homeworks-master\\ajs-homeworks-master\\oop\\classes\\src\\js\\class\\Magician.js": {"path":"C:\\Users\\Mytth\\Desktop\\Домашка\\JS 2nd module\\Задания по 2му модулю\\ajs-homeworks-master\\ajs-homeworks-master\\oop\\classes\\src\\js\\class\\Magician.js","statementMap":{"0":{"start":{"line":5,"column":4},"end":{"line":5,"column":22}},"1":{"start":{"line":6,"column":4},"end":{"line":6,"column":21}},"2":{"start":{"line":7,"column":4},"end":{"line":7,"column":22}}},"fnMap":{"0":{"name":"(anonymous_0)","decl":{"start":{"line":4,"column":2},"end":{"line":4,"column":3}},"loc":{"start":{"line":4,"column":39},"end":{"line":8,"column":3}},"line":4}},"branchMap":{"0":{"loc":{"start":{"line":4,"column":20},"end":{"line":4,"column":37}},"type":"default-arg","locations":[{"start":{"line":4,"column":27},"end":{"line":4,"column":37}}],"line":4}},"s":{"0":1,"1":1,"2":1},"f":{"0":1},"b":{"0":[1]},"_coverageSchema":"1a1c01bbd47fc00a2c39e90264f33305004495a9","hash":"bebc8b4c26110c5fb2a15338324417e4eea16b32"}
,"C:\\Users\\Mytth\\Desktop\\Домашка\\JS 2nd module\\Задания по 2му модулю\\ajs-homeworks-master\\ajs-homeworks-master\\oop\\classes\\src\\js\\class\\Swordsman.js": {"path":"C:\\Users\\Mytth\\Desktop\\Домашка\\JS 2nd module\\Задания по 2му модулю\\ajs-homeworks-master\\ajs-homeworks-master\\oop\\classes\\src\\js\\class\\Swordsman.js","statementMap":{"0":{"start":{"line":5,"column":4},"end":{"line":5,"column":22}},"1":{"start":{"line":6,"column":4},"end":{"line":6,"column":21}},"2":{"start":{"line":7,"column":4},"end":{"line":7,"column":22}}},"fnMap":{"0":{"name":"(anonymous_0)","decl":{"start":{"line":4,"column":2},"end":{"line":4,"column":3}},"loc":{"start":{"line":4,"column":40},"end":{"line":8,"column":3}},"line":4}},"branchMap":{"0":{"loc":{"start":{"line":4,"column":20},"end":{"line":4,"column":38}},"type":"default-arg","locations":[{"start":{"line":4,"column":27},"end":{"line":4,"column":38}}],"line":4}},"s":{"0":1,"1":1,"2":1},"f":{"0":1},"b":{"0":[1]},"_coverageSchema":"1a1c01bbd47fc00a2c39e90264f33305004495a9","hash":"e4aeb32bced4eec84be17e983ded8488f8408683"}
,"C:\\Users\\Mytth\\Desktop\\Домашка\\JS 2nd module\\Задания по 2му модулю\\ajs-homeworks-master\\ajs-homeworks-master\\oop\\classes\\src\\js\\class\\Undead.js": {"path":"C:\\Users\\Mytth\\Desktop\\Домашка\\JS 2nd module\\Задания по 2му модулю\\ajs-homeworks-master\\ajs-homeworks-master\\oop\\classes\\src\\js\\class\\Undead.js","statementMap":{"0":{"start":{"line":5,"column":4},"end":{"line":5,"column":22}},"1":{"start":{"line":6,"column":4},"end":{"line":6,"column":21}},"2":{"start":{"line":7,"column":4},"end":{"line":7,"column":22}}},"fnMap":{"0":{"name":"(anonymous_0)","decl":{"start":{"line":4,"column":2},"end":{"line":4,"column":3}},"loc":{"start":{"line":4,"column":37},"end":{"line":8,"column":3}},"line":4}},"branchMap":{"0":{"loc":{"start":{"line":4,"column":20},"end":{"line":4,"column":35}},"type":"default-arg","locations":[{"start":{"line":4,"column":27},"end":{"line":4,"column":35}}],"line":4}},"s":{"0":1,"1":1,"2":1},"f":{"0":1},"b":{"0":[1]},"_coverageSchema":"1a1c01bbd47fc00a2c39e90264f33305004495a9","hash":"f307326dc51ef1a6bac36383f19051b4a19d9ce5"}
,"C:\\Users\\Mytth\\Desktop\\Домашка\\JS 2nd module\\Задания по 2му модулю\\ajs-homeworks-master\\ajs-homeworks-master\\oop\\classes\\src\\js\\class\\Zombie.js": {"path":"C:\\Users\\Mytth\\Desktop\\Домашка\\JS 2nd module\\Задания по 2му модулю\\ajs-homeworks-master\\ajs-homeworks-master\\oop\\classes\\src\\js\\class\\Zombie.js","statementMap":{"0":{"start":{"line":5,"column":4},"end":{"line":5,"column":22}},"1":{"start":{"line":6,"column":4},"end":{"line":6,"column":21}},"2":{"start":{"line":7,"column":4},"end":{"line":7,"column":22}}},"fnMap":{"0":{"name":"(anonymous_0)","decl":{"start":{"line":4,"column":2},"end":{"line":4,"column":3}},"loc":{"start":{"line":4,"column":37},"end":{"line":8,"column":3}},"line":4}},"branchMap":{"0":{"loc":{"start":{"line":4,"column":20},"end":{"line":4,"column":35}},"type":"default-arg","locations":[{"start":{"line":4,"column":27},"end":{"line":4,"column":35}}],"line":4}},"s":{"0":1,"1":1,"2":1},"f":{"0":1},"b":{"0":[1]},"_coverageSchema":"1a1c01bbd47fc00a2c39e90264f33305004495a9","hash":"5cf5bcbfcea2dd1031c9091b7502422f5737d190"}
}
