TN:
SF:src\js\main.js
FN:4,(anonymous_0)
FN:22,(anonymous_1)
FN:27,(anonymous_2)
FN:32,(anonymous_3)
FN:37,(anonymous_4)
FN:42,(anonymous_5)
FN:47,(anonymous_6)
FNF:7
FNH:7
FNDA:13,(anonymous_0)
FNDA:3,(anonymous_1)
FNDA:1,(anonymous_2)
FNDA:1,(anonymous_3)
FNDA:1,(anonymous_4)
FNDA:1,(anonymous_5)
FNDA:1,(anonymous_6)
DA:1,2
DA:5,13
DA:9,4
DA:11,9
DA:12,9
DA:13,9
DA:14,9
DA:15,9
DA:16,9
DA:23,3
DA:28,1
DA:33,1
DA:38,1
DA:43,1
DA:48,1
DA:52,2
LF:16
LH:16
BRDA:4,0,0,0
BRDA:4,1,0,0
BRDA:5,2,0,4
BRDA:5,2,1,9
BRDA:5,3,0,13
BRDA:5,3,1,12
BRDA:5,3,2,11
BRDA:5,3,3,10
BRDA:22,4,0,3
BRDA:22,5,0,3
BRDA:27,6,0,1
BRDA:27,7,0,1
BRDA:32,8,0,1
BRDA:32,9,0,1
BRDA:37,10,0,1
BRDA:37,11,0,1
BRDA:42,12,0,1
BRDA:42,13,0,1
BRDA:47,14,0,1
BRDA:47,15,0,1
BRF:20
BRH:18
end_of_record
