TN:
SF:src\js\main.js
FN:2,(anonymous_0)
FNF:1
FNH:1
FNDA:11,(anonymous_0)
DA:3,11
DA:4,11
DA:7,3
DA:8,8
DA:9,1
DA:11,7
DA:12,7
DA:13,7
DA:14,7
DA:15,7
DA:16,7
LF:11
LH:11
BRDA:4,0,0,3
BRDA:4,0,1,8
BRDA:4,1,0,11
BRDA:4,1,1,10
BRDA:4,1,2,9
BRDA:8,2,0,1
BRDA:8,2,1,7
BRF:7
BRH:7
end_of_record
TN:
SF:src\js\class\Bowman.js
FN:4,(anonymous_0)
FNF:1
FNH:1
FNDA:1,(anonymous_0)
DA:5,1
DA:6,1
DA:7,1
LF:3
LH:3
BRDA:4,0,0,1
BRF:1
BRH:1
end_of_record
TN:
SF:src\js\class\Daemon.js
FN:4,(anonymous_0)
FNF:1
FNH:1
FNDA:1,(anonymous_0)
DA:5,1
DA:6,1
DA:7,1
LF:3
LH:3
BRDA:4,0,0,1
BRF:1
BRH:1
end_of_record
TN:
SF:src\js\class\Magician.js
FN:4,(anonymous_0)
FNF:1
FNH:1
FNDA:1,(anonymous_0)
DA:5,1
DA:6,1
DA:7,1
LF:3
LH:3
BRDA:4,0,0,1
BRF:1
BRH:1
end_of_record
TN:
SF:src\js\class\Swordsman.js
FN:4,(anonymous_0)
FNF:1
FNH:1
FNDA:1,(anonymous_0)
DA:5,1
DA:6,1
DA:7,1
LF:3
LH:3
BRDA:4,0,0,1
BRF:1
BRH:1
end_of_record
TN:
SF:src\js\class\Undead.js
FN:4,(anonymous_0)
FNF:1
FNH:1
FNDA:1,(anonymous_0)
DA:5,1
DA:6,1
DA:7,1
LF:3
LH:3
BRDA:4,0,0,1
BRF:1
BRH:1
end_of_record
TN:
SF:src\js\class\Zombie.js
FN:4,(anonymous_0)
FNF:1
FNH:1
FNDA:1,(anonymous_0)
DA:5,1
DA:6,1
DA:7,1
LF:3
LH:3
BRDA:4,0,0,1
BRF:1
BRH:1
end_of_record
